SF:lib/modules/counter/view/counter.dart
DA:7,3
DA:9,1
DA:10,1
DA:16,1
DA:18,1
DA:19,1
DA:20,1
DA:21,1
DA:22,1
DA:24,1
DA:28,1
DA:29,4
DA:30,3
DA:35,1
DA:36,1
DA:37,2
DA:44,1
LF:17
LH:17
end_of_record
SF:lib/bloc/bloc.dart
DA:7,6
DA:8,4
DA:10,2
DA:11,4
DA:12,8
DA:17,2
DA:18,4
DA:19,2
DA:20,6
DA:24,0
DA:25,0
LF:11
LH:9
end_of_record
SF:lib/bloc/bloc_builder.dart
DA:9,2
DA:13,2
DA:15,2
DA:17,2
DA:18,4
DA:19,4
DA:20,2
DA:21,4
LF:8
LH:8
end_of_record
SF:lib/modules/api_ui/controller/api_bloc.dart
DA:9,0
DA:11,0
DA:14,0
DA:15,0
DA:16,0
DA:17,0
DA:19,0
DA:20,0
DA:24,0
DA:25,0
DA:26,0
DA:27,0
DA:28,0
DA:29,0
DA:32,0
DA:34,0
LF:16
LH:0
end_of_record
SF:lib/modules/api_ui/view_model/api_model.dart
DA:8,0
LF:1
LH:0
end_of_record
SF:lib/utlis/helpers/response_modal.dart
DA:5,0
LF:1
LH:0
end_of_record
SF:lib/modules/api_ui/view/ui.dart
DA:8,2
DA:10,0
DA:11,0
DA:16,0
DA:18,0
DA:19,0
DA:22,0
DA:24,0
DA:25,0
DA:26,0
DA:27,0
DA:28,0
DA:29,0
DA:31,0
DA:32,0
DA:33,0
DA:34,0
DA:35,0
DA:38,0
LF:19
LH:1
end_of_record
SF:lib/utlis/custom_widgets/custom_text.dart
DA:14,25
DA:25,1
DA:27,1
DA:28,1
DA:29,1
DA:30,1
DA:31,1
DA:32,1
DA:33,1
DA:34,1
DA:35,1
LF:11
LH:11
end_of_record
SF:lib/modules/counter/bloc/counter_bloc.dart
DA:5,1
DA:7,1
DA:10,1
DA:11,3
DA:12,2
LF:5
LH:5
end_of_record
SF:lib/modules/counter/view_model/counter_model.dart
DA:4,1
LF:1
LH:1
end_of_record
SF:lib/modules/demo_ui/bloc/movie_bloc.dart
DA:5,0
DA:7,0
DA:10,0
DA:11,0
DA:12,0
LF:5
LH:0
end_of_record
SF:lib/modules/demo_ui/view_model/movie_type_model.dart
DA:4,0
LF:1
LH:0
end_of_record
SF:lib/modules/demo_ui/list/movie_list.dart
DA:5,0
DA:6,0
DA:13,0
DA:20,0
DA:27,0
DA:34,0
DA:41,0
DA:54,0
LF:8
LH:0
end_of_record
SF:lib/modules/demo_ui/list/movie_type_list.dart
DA:4,0
DA:5,0
DA:8,0
DA:11,0
DA:14,0
DA:17,0
DA:20,0
DA:29,0
LF:8
LH:0
end_of_record
SF:lib/modules/demo_ui/list/popular_movie_list.dart
DA:5,0
DA:6,0
DA:10,0
DA:14,0
DA:18,0
DA:22,0
DA:26,0
DA:30,0
DA:34,0
DA:44,0
LF:10
LH:0
end_of_record
SF:lib/modules/demo_ui/view/horizontal_view.dart
DA:9,0
DA:12,0
DA:14,0
DA:16,0
DA:18,0
DA:23,0
DA:24,0
DA:26,0
DA:27,0
DA:29,0
DA:32,0
DA:36,0
DA:37,0
DA:38,0
DA:39,0
DA:40,0
DA:43,0
DA:44,0
DA:46,0
DA:47,0
DA:55,0
DA:56,0
DA:60,0
DA:61,0
DA:67,0
DA:69,0
DA:75,0
DA:76,0
LF:28
LH:0
end_of_record
SF:lib/modules/demo_ui/view/movie_list.dart
DA:9,0
DA:13,0
DA:15,0
DA:16,0
DA:17,0
DA:18,0
DA:19,0
DA:20,0
DA:21,0
DA:23,0
DA:24,0
DA:25,0
DA:35,0
DA:36,0
DA:38,0
DA:39,0
DA:40,0
DA:41,0
DA:42,0
DA:43,0
DA:44,0
DA:52,0
DA:53,0
DA:54,0
DA:55,0
DA:57,0
DA:62,0
DA:63,0
DA:64,0
DA:66,0
DA:68,0
DA:69,0
DA:70,0
DA:71,0
DA:76,0
DA:78,0
DA:85,0
DA:86,0
DA:87,0
DA:90,0
DA:92,0
DA:93,0
DA:94,0
DA:100,0
DA:101,0
DA:102,0
DA:103,0
DA:104,0
DA:107,0
DA:110,0
DA:111,0
DA:117,0
DA:118,0
DA:119,0
DA:120,0
DA:122,0
DA:124,0
DA:125,0
DA:126,0
DA:129,0
DA:131,0
DA:137,0
DA:138,0
DA:141,0
DA:145,0
DA:146,0
LF:66
LH:0
end_of_record
SF:lib/modules/demo_ui/view/movie_screen.dart
DA:10,2
DA:12,0
DA:13,0
DA:17,0
DA:19,0
DA:21,0
DA:22,0
DA:24,0
DA:26,0
DA:30,0
DA:31,0
DA:32,0
DA:34,0
DA:51,0
DA:52,0
DA:53,0
DA:54,0
DA:55,0
DA:58,0
DA:59,0
DA:62,0
DA:67,0
DA:68,0
DA:84,0
LF:24
LH:1
end_of_record
SF:lib/modules/demo_ui/view/movie_type.dart
DA:10,0
DA:14,0
DA:16,0
DA:17,0
DA:18,0
DA:20,0
DA:21,0
DA:22,0
DA:23,0
DA:24,0
DA:28,0
DA:32,0
DA:33,0
DA:34,0
DA:35,0
DA:37,0
DA:41,0
DA:42,0
DA:46,0
DA:47,0
DA:55,0
DA:56,0
DA:60,0
DA:61,0
DA:62,0
LF:25
LH:0
end_of_record
SF:lib/modules/google_map/google_map.dart
DA:10,2
DA:12,0
DA:13,0
DA:21,0
DA:22,0
DA:50,0
DA:52,0
DA:53,0
DA:59,0
DA:60,0
DA:61,0
DA:62,0
DA:65,0
DA:67,0
LF:14
LH:1
end_of_record
SF:lib/modules/login/bloc/login_bloc.dart
DA:9,0
DA:11,0
DA:16,0
DA:17,0
DA:18,0
DA:19,0
DA:23,0
DA:26,0
DA:27,0
DA:33,0
DA:34,0
DA:35,0
DA:36,0
DA:38,0
DA:39,0
DA:40,0
DA:43,0
DA:44,0
DA:45,0
DA:46,0
DA:47,0
DA:53,0
DA:54,0
DA:56,0
DA:59,0
DA:60,0
LF:26
LH:0
end_of_record
SF:lib/modules/login/view_model/login_model.dart
DA:9,0
LF:1
LH:0
end_of_record
SF:lib/modules/login/view/login.dart
DA:18,2
DA:20,0
DA:21,0
DA:30,0
DA:31,0
DA:33,0
DA:37,0
DA:38,0
DA:40,0
DA:41,0
DA:42,0
DA:47,0
DA:48,0
DA:50,0
DA:54,0
DA:55,0
DA:56,0
DA:57,0
DA:58,0
DA:60,0
DA:64,0
DA:65,0
DA:66,0
DA:72,0
DA:74,0
DA:75,0
DA:82,0
DA:83,0
DA:84,0
DA:85,0
DA:86,0
DA:88,0
DA:89,0
DA:90,0
DA:91,0
DA:92,0
DA:93,0
DA:94,0
DA:98,0
DA:99,0
DA:100,0
DA:101,0
DA:102,0
DA:103,0
DA:104,0
DA:105,0
DA:106,0
DA:107,0
DA:111,0
DA:118,0
DA:126,0
DA:127,0
DA:133,0
DA:140,0
DA:141,0
DA:143,0
DA:150,0
DA:151,0
DA:153,0
DA:154,0
DA:155,0
DA:156,0
DA:162,0
DA:163,0
DA:164,0
DA:165,0
DA:167,0
DA:183,0
DA:184,0
DA:186,0
DA:189,0
DA:194,0
DA:195,0
DA:196,0
DA:209,0
DA:210,0
DA:212,0
DA:213,0
DA:218,0
DA:219,0
DA:220,0
DA:221,0
DA:223,0
DA:224,0
DA:226,0
DA:236,0
DA:237,0
DA:238,0
DA:239,0
DA:241,0
LF:90
LH:1
end_of_record
SF:lib/utlis/helpers/route.dart
DA:35,1
DA:36,1
DA:37,0
DA:38,0
DA:39,0
DA:40,0
DA:41,0
DA:42,0
DA:43,0
DA:44,0
DA:45,0
DA:46,0
DA:47,0
DA:48,0
DA:49,0
DA:50,0
DA:51,0
LF:17
LH:2
end_of_record
SF:lib/utlis/custom_widgets/custom_snackbar.dart
DA:4,0
DA:9,0
DA:10,0
DA:12,0
DA:20,0
LF:5
LH:0
end_of_record
SF:lib/utlis/custom_widgets/password_textfield/view/password_textfield.dart
DA:13,0
DA:17,0
DA:19,0
DA:20,0
DA:21,0
DA:25,0
DA:26,0
DA:28,0
DA:32,0
DA:33,0
DA:34,0
DA:36,0
DA:45,0
DA:47,0
DA:48,0
DA:50,0
DA:51,0
LF:17
LH:0
end_of_record
SF:lib/utlis/custom_widgets/cutom_textformfield.dart
DA:22,0
DA:43,0
DA:45,0
DA:46,0
DA:48,0
DA:49,0
DA:50,0
DA:51,0
DA:53,0
DA:54,0
DA:55,0
DA:56,0
DA:57,0
DA:58,0
DA:59,0
DA:60,0
DA:62,0
DA:63,0
DA:64,0
DA:65,0
DA:66,0
LF:21
LH:0
end_of_record
SF:lib/utlis/helpers/validations.dart
DA:4,0
DA:6,0
DA:10,0
DA:12,0
DA:18,0
DA:20,0
DA:22,0
DA:28,0
DA:30,0
DA:32,0
LF:10
LH:0
end_of_record
SF:lib/utlis/custom_widgets/custom_icon.dart
DA:8,6
DA:15,0
DA:17,0
DA:18,0
DA:19,0
DA:20,0
LF:6
LH:1
end_of_record
SF:lib/modules/method_channel_demo/method_channel_demo.dart
DA:9,2
DA:11,0
DA:12,0
DA:18,0
DA:20,0
DA:21,0
DA:24,0
DA:26,0
DA:27,0
DA:28,0
DA:36,0
DA:39,0
DA:41,0
DA:43,0
LF:14
LH:1
end_of_record
SF:lib/utlis/helpers/global.dart
DA:3,0
DA:5,0
LF:2
LH:0
end_of_record
SF:lib/modules/navigation_demo/screen1.dart
DA:10,2
DA:12,0
DA:13,0
DA:18,0
DA:19,0
DA:20,0
DA:21,0
DA:28,0
DA:30,0
DA:32,0
DA:33,0
DA:34,0
DA:35,0
LF:13
LH:1
end_of_record
SF:lib/modules/navigation_demo/screen2.dart
DA:8,4
DA:11,0
DA:12,0
DA:16,0
DA:17,0
DA:28,0
DA:30,0
DA:32,0
DA:33,0
DA:34,0
DA:35,0
DA:37,0
DA:38,0
LF:13
LH:1
end_of_record
SF:lib/modules/navigation_demo/screen3.dart
DA:10,2
DA:12,0
DA:13,0
DA:17,0
DA:18,0
DA:19,0
DA:20,0
DA:27,0
DA:29,0
DA:31,0
DA:32,0
DA:33,0
DA:34,0
LF:13
LH:1
end_of_record
SF:lib/modules/navigation_demo/screen4.dart
DA:10,4
DA:12,0
DA:13,0
DA:17,0
DA:18,0
DA:19,0
DA:20,0
DA:24,0
DA:25,0
DA:30,0
DA:32,0
DA:34,0
DA:35,0
DA:36,0
DA:37,0
LF:15
LH:1
end_of_record
SF:lib/modules/navigation_demo/screen5.dart
DA:9,4
DA:11,0
DA:12,0
DA:16,0
DA:17,0
DA:20,0
DA:22,0
DA:24,0
DA:25,0
DA:26,0
DA:27,0
LF:11
LH:1
end_of_record
SF:lib/modules/profile/view/my_profile.dart
DA:9,2
DA:13,0
DA:14,0
DA:18,0
DA:19,0
DA:22,0
DA:24,0
DA:25,0
DA:27,0
DA:28,0
DA:29,0
DA:34,0
DA:37,0
DA:38,0
DA:39,0
DA:40,0
DA:41,0
DA:42,0
DA:43,0
DA:44,0
DA:52,0
DA:53,0
DA:54,0
DA:59,0
DA:60,0
DA:71,0
DA:72,0
DA:73,0
DA:82,0
DA:83,0
DA:89,0
DA:90,0
DA:97,0
DA:98,0
DA:104,0
DA:105,0
DA:106,0
DA:107,0
LF:38
LH:1
end_of_record
SF:lib/modules/signup/bloc/signup_bloc.dart
DA:10,0
DA:12,0
DA:17,0
DA:18,0
DA:19,0
DA:23,0
DA:26,0
DA:27,0
DA:33,0
DA:34,0
DA:35,0
DA:36,0
DA:38,0
DA:39,0
DA:40,0
DA:43,0
DA:44,0
DA:45,0
DA:46,0
DA:47,0
DA:50,0
DA:53,0
DA:54,0
DA:56,0
DA:59,0
DA:60,0
LF:26
LH:0
end_of_record
SF:lib/modules/signup/view_model/signup_model.dart
DA:7,0
LF:1
LH:0
end_of_record
SF:lib/modules/signup/view/signup.dart
DA:16,2
DA:18,0
DA:19,0
DA:30,0
DA:31,0
DA:33,0
DA:37,0
DA:38,0
DA:43,0
DA:44,0
DA:46,0
DA:50,0
DA:52,0
DA:54,0
DA:55,0
DA:56,0
DA:58,0
DA:59,0
DA:66,0
DA:67,0
DA:68,0
DA:69,0
DA:70,0
DA:72,0
DA:73,0
DA:74,0
DA:75,0
DA:76,0
DA:77,0
DA:78,0
DA:82,0
DA:83,0
DA:84,0
DA:85,0
DA:86,0
DA:87,0
DA:88,0
DA:89,0
DA:90,0
DA:91,0
DA:92,0
DA:97,0
DA:104,0
DA:112,0
DA:113,0
DA:119,0
DA:126,0
DA:127,0
DA:130,0
DA:137,0
DA:138,0
DA:140,0
DA:141,0
DA:142,0
DA:143,0
DA:149,0
DA:150,0
DA:152,0
DA:159,0
DA:160,0
DA:162,0
DA:163,0
DA:164,0
DA:165,0
DA:171,0
DA:172,0
DA:174,0
DA:180,0
DA:181,0
DA:183,0
DA:184,0
DA:185,0
DA:186,0
DA:192,0
DA:193,0
DA:194,0
DA:195,0
DA:197,0
DA:213,0
DA:214,0
DA:216,0
DA:219,0
DA:224,0
DA:225,0
DA:226,0
LF:85
LH:1
end_of_record
SF:lib/modules/splash/splash.dart
DA:10,2
DA:12,0
DA:13,0
DA:15,0
DA:16,0
DA:18,0
DA:20,0
DA:26,0
DA:28,0
DA:29,0
DA:31,0
DA:32,0
DA:34,0
DA:35,0
LF:14
LH:1
end_of_record
SF:lib/utlis/helpers/preferences/preference.dart
DA:4,1
DA:5,2
DA:11,0
DA:12,0
LF:4
LH:2
end_of_record
SF:lib/modules/tutorial/bloc/tutorial_bloc.dart
DA:7,1
DA:9,1
DA:12,1
DA:13,2
DA:14,1
DA:15,1
DA:16,2
DA:17,2
LF:8
LH:8
end_of_record
SF:lib/modules/tutorial/data/tutorial_list.dart
DA:6,3
DA:7,1
DA:12,1
DA:17,1
DA:22,1
LF:5
LH:5
end_of_record
SF:lib/modules/tutorial/view_model/tutorial_model.dart
DA:4,1
LF:1
LH:1
end_of_record
SF:lib/modules/tutorial/data/tutorial_data_model.dart
DA:4,1
LF:1
LH:1
end_of_record
SF:lib/modules/tutorial/view/tutorial.dart
DA:17,3
DA:19,1
DA:20,1
DA:30,1
DA:32,1
DA:33,1
DA:36,1
DA:38,1
DA:39,2
DA:40,1
DA:43,1
DA:44,2
DA:47,1
DA:48,2
DA:51,1
DA:52,2
DA:53,1
DA:57,1
DA:58,2
DA:64,1
DA:65,1
DA:66,3
DA:69,1
DA:71,1
DA:72,2
DA:74,1
DA:75,1
DA:76,1
DA:77,1
DA:78,1
DA:80,1
DA:85,1
DA:89,1
DA:90,1
DA:91,1
DA:92,1
DA:94,1
DA:95,1
DA:96,2
DA:101,1
DA:102,1
DA:103,1
DA:104,1
DA:106,1
DA:107,1
DA:109,1
DA:114,1
DA:116,1
DA:117,1
DA:118,1
DA:119,1
DA:120,1
DA:121,1
DA:122,1
DA:123,1
DA:130,1
DA:139,1
DA:140,1
DA:145,1
DA:146,1
DA:147,6
DA:153,1
DA:154,1
DA:155,6
DA:161,1
DA:162,1
DA:163,6
DA:164,4
DA:169,1
DA:170,1
DA:173,1
DA:178,1
DA:179,1
DA:184,1
DA:185,1
DA:187,1
DA:188,2
DA:189,2
DA:191,1
DA:193,4
DA:206,1
DA:207,1
DA:208,1
DA:209,1
LF:84
LH:84
end_of_record
SF:lib/utlis/custom_widgets/password_textfield/bloc/password_bloc.dart
DA:5,0
DA:7,0
DA:10,0
DA:11,0
DA:12,0
LF:5
LH:0
end_of_record
SF:lib/utlis/custom_widgets/password_textfield/view_model/password_model.dart
DA:4,0
LF:1
LH:0
end_of_record
SF:lib/utlis/helpers/preferences/preference_helper.dart
DA:4,3
DA:5,1
DA:6,0
DA:9,0
DA:10,0
DA:13,0
DA:14,0
DA:17,1
DA:18,1
LF:9
LH:4
end_of_record
